[2024-01-01 00:35:41] local.ERROR: Uncaught RuntimeException: Translation file [C:\xampp\htdocs\api-cmp\lang/es.json] contains an invalid JSON structure. in C:\xampp\htdocs\api-cmp\vendor\laravel\framework\src\Illuminate\Translation\FileLoader.php:152
Stack trace:
#0 C:\xampp\htdocs\api-cmp\vendor\laravel\framework\src\Illuminate\Collections\Traits\EnumeratesValues.php(791): Illuminate\Translation\FileLoader->Illuminate\Translation\{closure}(Array, 'C:\\xampp\\htdocs...', 1)
#1 C:\xampp\htdocs\api-cmp\vendor\laravel\framework\src\Illuminate\Translation\FileLoader.php(147): Illuminate\Support\Collection->reduce(Object(Closure), Array)
#2 C:\xampp\htdocs\api-cmp\vendor\laravel\framework\src\Illuminate\Translation\FileLoader.php(64): Illuminate\Translation\FileLoader->loadJsonPaths('es')
#3 C:\xampp\htdocs\api-cmp\vendor\laravel\framework\src\Illuminate\Translation\Translator.php(311): Illuminate\Translation\FileLoader->load('es', '*', '*')
#4 C:\xampp\htdocs\api-cmp\vendor\laravel\framework\src\Illuminate\Translation\Translator.php(148): Illuminate\Translation\Translator->load('*', '*', 'es')
#5 C:\xampp\htdocs\api-cmp\vendor\laravel\framework\src\Illuminate\Foundation\helpers.php(923): Illuminate\Translation\Translator->get('actions', Array, 'es')
#6 C:\xampp\htdocs\api-cmp\vendor\laravel\framework\src\Illuminate\Foundation\helpers.php(958): trans('actions', Array, NULL)
#7 Command line code(1): __('actions')
#8 {main}
  thrown {"exception":"[object] (Symfony\\Component\\ErrorHandler\\Error\\FatalError(code: 0): Uncaught RuntimeException: Translation file [C:\\xampp\\htdocs\\api-cmp\\lang/es.json] contains an invalid JSON structure. in C:\\xampp\\htdocs\\api-cmp\\vendor\\laravel\\framework\\src\\Illuminate\\Translation\\FileLoader.php:152
Stack trace:
#0 C:\\xampp\\htdocs\\api-cmp\\vendor\\laravel\\framework\\src\\Illuminate\\Collections\\Traits\\EnumeratesValues.php(791): Illuminate\\Translation\\FileLoader->Illuminate\\Translation\\{closure}(Array, 'C:\\\\xampp\\\\htdocs...', 1)
#1 C:\\xampp\\htdocs\\api-cmp\\vendor\\laravel\\framework\\src\\Illuminate\\Translation\\FileLoader.php(147): Illuminate\\Support\\Collection->reduce(Object(Closure), Array)
#2 C:\\xampp\\htdocs\\api-cmp\\vendor\\laravel\\framework\\src\\Illuminate\\Translation\\FileLoader.php(64): Illuminate\\Translation\\FileLoader->loadJsonPaths('es')
#3 C:\\xampp\\htdocs\\api-cmp\\vendor\\laravel\\framework\\src\\Illuminate\\Translation\\Translator.php(311): Illuminate\\Translation\\FileLoader->load('es', '*', '*')
#4 C:\\xampp\\htdocs\\api-cmp\\vendor\\laravel\\framework\\src\\Illuminate\\Translation\\Translator.php(148): Illuminate\\Translation\\Translator->load('*', '*', 'es')
#5 C:\\xampp\\htdocs\\api-cmp\\vendor\\laravel\\framework\\src\\Illuminate\\Foundation\\helpers.php(923): Illuminate\\Translation\\Translator->get('actions', Array, 'es')
#6 C:\\xampp\\htdocs\\api-cmp\\vendor\\laravel\\framework\\src\\Illuminate\\Foundation\\helpers.php(958): trans('actions', Array, NULL)
#7 Command line code(1): __('actions')
#8 {main}
  thrown at C:\\xampp\\htdocs\\api-cmp\\vendor\\laravel\\framework\\src\\Illuminate\\Translation\\FileLoader.php:152)
[stacktrace]
#0 {main}
"} 
[2024-01-01 00:35:49] local.ERROR: Uncaught RuntimeException: Translation file [C:\xampp\htdocs\api-cmp\lang/es.json] contains an invalid JSON structure. in C:\xampp\htdocs\api-cmp\vendor\laravel\framework\src\Illuminate\Translation\FileLoader.php:152
Stack trace:
#0 C:\xampp\htdocs\api-cmp\vendor\laravel\framework\src\Illuminate\Collections\Traits\EnumeratesValues.php(791): Illuminate\Translation\FileLoader->Illuminate\Translation\{closure}(Array, 'C:\\xampp\\htdocs...', 1)
#1 C:\xampp\htdocs\api-cmp\vendor\laravel\framework\src\Illuminate\Translation\FileLoader.php(147): Illuminate\Support\Collection->reduce(Object(Closure), Array)
#2 C:\xampp\htdocs\api-cmp\vendor\laravel\framework\src\Illuminate\Translation\FileLoader.php(64): Illuminate\Translation\FileLoader->loadJsonPaths('es')
#3 C:\xampp\htdocs\api-cmp\vendor\laravel\framework\src\Illuminate\Translation\Translator.php(311): Illuminate\Translation\FileLoader->load('es', '*', '*')
#4 C:\xampp\htdocs\api-cmp\vendor\laravel\framework\src\Illuminate\Translation\Translator.php(148): Illuminate\Translation\Translator->load('*', '*', 'es')
#5 C:\xampp\htdocs\api-cmp\vendor\laravel\framework\src\Illuminate\Foundation\helpers.php(923): Illuminate\Translation\Translator->get('actions', Array, 'es')
#6 C:\xampp\htdocs\api-cmp\vendor\laravel\framework\src\Illuminate\Foundation\helpers.php(958): trans('actions', Array, NULL)
#7 Command line code(1): __('actions')
#8 {main}
  thrown {"exception":"[object] (Symfony\\Component\\ErrorHandler\\Error\\FatalError(code: 0): Uncaught RuntimeException: Translation file [C:\\xampp\\htdocs\\api-cmp\\lang/es.json] contains an invalid JSON structure. in C:\\xampp\\htdocs\\api-cmp\\vendor\\laravel\\framework\\src\\Illuminate\\Translation\\FileLoader.php:152
Stack trace:
#0 C:\\xampp\\htdocs\\api-cmp\\vendor\\laravel\\framework\\src\\Illuminate\\Collections\\Traits\\EnumeratesValues.php(791): Illuminate\\Translation\\FileLoader->Illuminate\\Translation\\{closure}(Array, 'C:\\\\xampp\\\\htdocs...', 1)
#1 C:\\xampp\\htdocs\\api-cmp\\vendor\\laravel\\framework\\src\\Illuminate\\Translation\\FileLoader.php(147): Illuminate\\Support\\Collection->reduce(Object(Closure), Array)
#2 C:\\xampp\\htdocs\\api-cmp\\vendor\\laravel\\framework\\src\\Illuminate\\Translation\\FileLoader.php(64): Illuminate\\Translation\\FileLoader->loadJsonPaths('es')
#3 C:\\xampp\\htdocs\\api-cmp\\vendor\\laravel\\framework\\src\\Illuminate\\Translation\\Translator.php(311): Illuminate\\Translation\\FileLoader->load('es', '*', '*')
#4 C:\\xampp\\htdocs\\api-cmp\\vendor\\laravel\\framework\\src\\Illuminate\\Translation\\Translator.php(148): Illuminate\\Translation\\Translator->load('*', '*', 'es')
#5 C:\\xampp\\htdocs\\api-cmp\\vendor\\laravel\\framework\\src\\Illuminate\\Foundation\\helpers.php(923): Illuminate\\Translation\\Translator->get('actions', Array, 'es')
#6 C:\\xampp\\htdocs\\api-cmp\\vendor\\laravel\\framework\\src\\Illuminate\\Foundation\\helpers.php(958): trans('actions', Array, NULL)
#7 Command line code(1): __('actions')
#8 {main}
  thrown at C:\\xampp\\htdocs\\api-cmp\\vendor\\laravel\\framework\\src\\Illuminate\\Translation\\FileLoader.php:152)
[stacktrace]
#0 {main}
"} 
[2024-01-01 00:50:54] local.ERROR: syntax error, unexpected end of file {"exception":"[object] (ParseError(code: 0): syntax error, unexpected end of file at C:\\xampp\\htdocs\\api-cmp\\routes\\web.php:33)
[stacktrace]
#0 C:\\xampp\\htdocs\\api-cmp\\vendor\\laravel\\framework\\src\\Illuminate\\Routing\\Router.php(511): Illuminate\\Routing\\RouteFileRegistrar->register('C:\\\\xampp\\\\htdocs...')
#1 C:\\xampp\\htdocs\\api-cmp\\vendor\\laravel\\framework\\src\\Illuminate\\Routing\\Router.php(465): Illuminate\\Routing\\Router->loadRoutes('C:\\\\xampp\\\\htdocs...')
#2 C:\\xampp\\htdocs\\api-cmp\\vendor\\laravel\\framework\\src\\Illuminate\\Routing\\RouteRegistrar.php(194): Illuminate\\Routing\\Router->group(Array, 'C:\\\\xampp\\\\htdocs...')
#3 C:\\xampp\\htdocs\\api-cmp\\app\\Providers\\RouteServiceProvider.php(37): Illuminate\\Routing\\RouteRegistrar->group('C:\\\\xampp\\\\htdocs...')
#4 C:\\xampp\\htdocs\\api-cmp\\vendor\\laravel\\framework\\src\\Illuminate\\Container\\BoundMethod.php(36): App\\Providers\\RouteServiceProvider->App\\Providers\\{closure}()
#5 C:\\xampp\\htdocs\\api-cmp\\vendor\\laravel\\framework\\src\\Illuminate\\Container\\Util.php(41): Illuminate\\Container\\BoundMethod::Illuminate\\Container\\{closure}()
#6 C:\\xampp\\htdocs\\api-cmp\\vendor\\laravel\\framework\\src\\Illuminate\\Container\\BoundMethod.php(81): Illuminate\\Container\\Util::unwrapIfClosure(Object(Closure))
#7 C:\\xampp\\htdocs\\api-cmp\\vendor\\laravel\\framework\\src\\Illuminate\\Container\\BoundMethod.php(35): Illuminate\\Container\\BoundMethod::callBoundMethod(Object(Illuminate\\Foundation\\Application), Object(Closure), Object(Closure))
#8 C:\\xampp\\htdocs\\api-cmp\\vendor\\laravel\\framework\\src\\Illuminate\\Container\\Container.php(662): Illuminate\\Container\\BoundMethod::call(Object(Illuminate\\Foundation\\Application), Object(Closure), Array, NULL)
#9 C:\\xampp\\htdocs\\api-cmp\\vendor\\laravel\\framework\\src\\Illuminate\\Foundation\\Support\\Providers\\RouteServiceProvider.php(120): Illuminate\\Container\\Container->call(Object(Closure))
#10 C:\\xampp\\htdocs\\api-cmp\\vendor\\laravel\\framework\\src\\Illuminate\\Foundation\\Support\\Providers\\RouteServiceProvider.php(45): Illuminate\\Foundation\\Support\\Providers\\RouteServiceProvider->loadRoutes()
#11 C:\\xampp\\htdocs\\api-cmp\\vendor\\laravel\\framework\\src\\Illuminate\\Container\\BoundMethod.php(36): Illuminate\\Foundation\\Support\\Providers\\RouteServiceProvider->Illuminate\\Foundation\\Support\\Providers\\{closure}()
#12 C:\\xampp\\htdocs\\api-cmp\\vendor\\laravel\\framework\\src\\Illuminate\\Container\\Util.php(41): Illuminate\\Container\\BoundMethod::Illuminate\\Container\\{closure}()
#13 C:\\xampp\\htdocs\\api-cmp\\vendor\\laravel\\framework\\src\\Illuminate\\Container\\BoundMethod.php(81): Illuminate\\Container\\Util::unwrapIfClosure(Object(Closure))
#14 C:\\xampp\\htdocs\\api-cmp\\vendor\\laravel\\framework\\src\\Illuminate\\Container\\BoundMethod.php(35): Illuminate\\Container\\BoundMethod::callBoundMethod(Object(Illuminate\\Foundation\\Application), Object(Closure), Object(Closure))
#15 C:\\xampp\\htdocs\\api-cmp\\vendor\\laravel\\framework\\src\\Illuminate\\Container\\Container.php(662): Illuminate\\Container\\BoundMethod::call(Object(Illuminate\\Foundation\\Application), Object(Closure), Array, NULL)
#16 C:\\xampp\\htdocs\\api-cmp\\vendor\\laravel\\framework\\src\\Illuminate\\Support\\ServiceProvider.php(119): Illuminate\\Container\\Container->call(Object(Closure))
#17 C:\\xampp\\htdocs\\api-cmp\\vendor\\laravel\\framework\\src\\Illuminate\\Foundation\\Application.php(1033): Illuminate\\Support\\ServiceProvider->callBootedCallbacks()
#18 C:\\xampp\\htdocs\\api-cmp\\vendor\\laravel\\framework\\src\\Illuminate\\Foundation\\Application.php(1011): Illuminate\\Foundation\\Application->bootProvider(Object(App\\Providers\\RouteServiceProvider))
#19 [internal function]: Illuminate\\Foundation\\Application->Illuminate\\Foundation\\{closure}(Object(App\\Providers\\RouteServiceProvider), 34)
#20 C:\\xampp\\htdocs\\api-cmp\\vendor\\laravel\\framework\\src\\Illuminate\\Foundation\\Application.php(1010): array_walk(Array, Object(Closure))
#21 C:\\xampp\\htdocs\\api-cmp\\vendor\\laravel\\framework\\src\\Illuminate\\Foundation\\Bootstrap\\BootProviders.php(17): Illuminate\\Foundation\\Application->boot()
#22 C:\\xampp\\htdocs\\api-cmp\\vendor\\laravel\\framework\\src\\Illuminate\\Foundation\\Application.php(263): Illuminate\\Foundation\\Bootstrap\\BootProviders->bootstrap(Object(Illuminate\\Foundation\\Application))
#23 C:\\xampp\\htdocs\\api-cmp\\vendor\\laravel\\framework\\src\\Illuminate\\Foundation\\Console\\Kernel.php(447): Illuminate\\Foundation\\Application->bootstrapWith(Array)
#24 C:\\xampp\\htdocs\\api-cmp\\vendor\\laravel\\framework\\src\\Illuminate\\Foundation\\Console\\Kernel.php(199): Illuminate\\Foundation\\Console\\Kernel->bootstrap()
#25 Command line code(1): Illuminate\\Foundation\\Console\\Kernel->handle(Object(Symfony\\Component\\Console\\Input\\ArgvInput), Object(Symfony\\Component\\Console\\Output\\ConsoleOutput))
#26 {main}
"} 
[2024-01-01 00:51:20] local.ERROR: syntax error, unexpected end of file {"exception":"[object] (ParseError(code: 0): syntax error, unexpected end of file at C:\\xampp\\htdocs\\api-cmp\\routes\\web.php:33)
[stacktrace]
#0 C:\\xampp\\htdocs\\api-cmp\\vendor\\laravel\\framework\\src\\Illuminate\\Routing\\Router.php(511): Illuminate\\Routing\\RouteFileRegistrar->register('C:\\\\xampp\\\\htdocs...')
#1 C:\\xampp\\htdocs\\api-cmp\\vendor\\laravel\\framework\\src\\Illuminate\\Routing\\Router.php(465): Illuminate\\Routing\\Router->loadRoutes('C:\\\\xampp\\\\htdocs...')
#2 C:\\xampp\\htdocs\\api-cmp\\vendor\\laravel\\framework\\src\\Illuminate\\Routing\\RouteRegistrar.php(194): Illuminate\\Routing\\Router->group(Array, 'C:\\\\xampp\\\\htdocs...')
#3 C:\\xampp\\htdocs\\api-cmp\\app\\Providers\\RouteServiceProvider.php(37): Illuminate\\Routing\\RouteRegistrar->group('C:\\\\xampp\\\\htdocs...')
#4 C:\\xampp\\htdocs\\api-cmp\\vendor\\laravel\\framework\\src\\Illuminate\\Container\\BoundMethod.php(36): App\\Providers\\RouteServiceProvider->App\\Providers\\{closure}()
#5 C:\\xampp\\htdocs\\api-cmp\\vendor\\laravel\\framework\\src\\Illuminate\\Container\\Util.php(41): Illuminate\\Container\\BoundMethod::Illuminate\\Container\\{closure}()
#6 C:\\xampp\\htdocs\\api-cmp\\vendor\\laravel\\framework\\src\\Illuminate\\Container\\BoundMethod.php(81): Illuminate\\Container\\Util::unwrapIfClosure(Object(Closure))
#7 C:\\xampp\\htdocs\\api-cmp\\vendor\\laravel\\framework\\src\\Illuminate\\Container\\BoundMethod.php(35): Illuminate\\Container\\BoundMethod::callBoundMethod(Object(Illuminate\\Foundation\\Application), Object(Closure), Object(Closure))
#8 C:\\xampp\\htdocs\\api-cmp\\vendor\\laravel\\framework\\src\\Illuminate\\Container\\Container.php(662): Illuminate\\Container\\BoundMethod::call(Object(Illuminate\\Foundation\\Application), Object(Closure), Array, NULL)
#9 C:\\xampp\\htdocs\\api-cmp\\vendor\\laravel\\framework\\src\\Illuminate\\Foundation\\Support\\Providers\\RouteServiceProvider.php(120): Illuminate\\Container\\Container->call(Object(Closure))
#10 C:\\xampp\\htdocs\\api-cmp\\vendor\\laravel\\framework\\src\\Illuminate\\Foundation\\Support\\Providers\\RouteServiceProvider.php(45): Illuminate\\Foundation\\Support\\Providers\\RouteServiceProvider->loadRoutes()
#11 C:\\xampp\\htdocs\\api-cmp\\vendor\\laravel\\framework\\src\\Illuminate\\Container\\BoundMethod.php(36): Illuminate\\Foundation\\Support\\Providers\\RouteServiceProvider->Illuminate\\Foundation\\Support\\Providers\\{closure}()
#12 C:\\xampp\\htdocs\\api-cmp\\vendor\\laravel\\framework\\src\\Illuminate\\Container\\Util.php(41): Illuminate\\Container\\BoundMethod::Illuminate\\Container\\{closure}()
#13 C:\\xampp\\htdocs\\api-cmp\\vendor\\laravel\\framework\\src\\Illuminate\\Container\\BoundMethod.php(81): Illuminate\\Container\\Util::unwrapIfClosure(Object(Closure))
#14 C:\\xampp\\htdocs\\api-cmp\\vendor\\laravel\\framework\\src\\Illuminate\\Container\\BoundMethod.php(35): Illuminate\\Container\\BoundMethod::callBoundMethod(Object(Illuminate\\Foundation\\Application), Object(Closure), Object(Closure))
#15 C:\\xampp\\htdocs\\api-cmp\\vendor\\laravel\\framework\\src\\Illuminate\\Container\\Container.php(662): Illuminate\\Container\\BoundMethod::call(Object(Illuminate\\Foundation\\Application), Object(Closure), Array, NULL)
#16 C:\\xampp\\htdocs\\api-cmp\\vendor\\laravel\\framework\\src\\Illuminate\\Support\\ServiceProvider.php(119): Illuminate\\Container\\Container->call(Object(Closure))
#17 C:\\xampp\\htdocs\\api-cmp\\vendor\\laravel\\framework\\src\\Illuminate\\Foundation\\Application.php(1033): Illuminate\\Support\\ServiceProvider->callBootedCallbacks()
#18 C:\\xampp\\htdocs\\api-cmp\\vendor\\laravel\\framework\\src\\Illuminate\\Foundation\\Application.php(1011): Illuminate\\Foundation\\Application->bootProvider(Object(App\\Providers\\RouteServiceProvider))
#19 [internal function]: Illuminate\\Foundation\\Application->Illuminate\\Foundation\\{closure}(Object(App\\Providers\\RouteServiceProvider), 34)
#20 C:\\xampp\\htdocs\\api-cmp\\vendor\\laravel\\framework\\src\\Illuminate\\Foundation\\Application.php(1010): array_walk(Array, Object(Closure))
#21 C:\\xampp\\htdocs\\api-cmp\\vendor\\laravel\\framework\\src\\Illuminate\\Foundation\\Bootstrap\\BootProviders.php(17): Illuminate\\Foundation\\Application->boot()
#22 C:\\xampp\\htdocs\\api-cmp\\vendor\\laravel\\framework\\src\\Illuminate\\Foundation\\Application.php(263): Illuminate\\Foundation\\Bootstrap\\BootProviders->bootstrap(Object(Illuminate\\Foundation\\Application))
#23 C:\\xampp\\htdocs\\api-cmp\\vendor\\laravel\\framework\\src\\Illuminate\\Foundation\\Console\\Kernel.php(447): Illuminate\\Foundation\\Application->bootstrapWith(Array)
#24 C:\\xampp\\htdocs\\api-cmp\\vendor\\laravel\\framework\\src\\Illuminate\\Foundation\\Console\\Kernel.php(199): Illuminate\\Foundation\\Console\\Kernel->bootstrap()
#25 Command line code(1): Illuminate\\Foundation\\Console\\Kernel->handle(Object(Symfony\\Component\\Console\\Input\\ArgvInput), Object(Symfony\\Component\\Console\\Output\\ConsoleOutput))
#26 {main}
"} 
[2024-01-01 00:51:28] local.ERROR: syntax error, unexpected end of file {"exception":"[object] (ParseError(code: 0): syntax error, unexpected end of file at C:\\xampp\\htdocs\\api-cmp\\routes\\web.php:33)
[stacktrace]
#0 C:\\xampp\\htdocs\\api-cmp\\vendor\\laravel\\framework\\src\\Illuminate\\Routing\\Router.php(511): Illuminate\\Routing\\RouteFileRegistrar->register('C:\\\\xampp\\\\htdocs...')
#1 C:\\xampp\\htdocs\\api-cmp\\vendor\\laravel\\framework\\src\\Illuminate\\Routing\\Router.php(465): Illuminate\\Routing\\Router->loadRoutes('C:\\\\xampp\\\\htdocs...')
#2 C:\\xampp\\htdocs\\api-cmp\\vendor\\laravel\\framework\\src\\Illuminate\\Routing\\RouteRegistrar.php(194): Illuminate\\Routing\\Router->group(Array, 'C:\\\\xampp\\\\htdocs...')
#3 C:\\xampp\\htdocs\\api-cmp\\app\\Providers\\RouteServiceProvider.php(37): Illuminate\\Routing\\RouteRegistrar->group('C:\\\\xampp\\\\htdocs...')
#4 C:\\xampp\\htdocs\\api-cmp\\vendor\\laravel\\framework\\src\\Illuminate\\Container\\BoundMethod.php(36): App\\Providers\\RouteServiceProvider->App\\Providers\\{closure}()
#5 C:\\xampp\\htdocs\\api-cmp\\vendor\\laravel\\framework\\src\\Illuminate\\Container\\Util.php(41): Illuminate\\Container\\BoundMethod::Illuminate\\Container\\{closure}()
#6 C:\\xampp\\htdocs\\api-cmp\\vendor\\laravel\\framework\\src\\Illuminate\\Container\\BoundMethod.php(81): Illuminate\\Container\\Util::unwrapIfClosure(Object(Closure))
#7 C:\\xampp\\htdocs\\api-cmp\\vendor\\laravel\\framework\\src\\Illuminate\\Container\\BoundMethod.php(35): Illuminate\\Container\\BoundMethod::callBoundMethod(Object(Illuminate\\Foundation\\Application), Object(Closure), Object(Closure))
#8 C:\\xampp\\htdocs\\api-cmp\\vendor\\laravel\\framework\\src\\Illuminate\\Container\\Container.php(662): Illuminate\\Container\\BoundMethod::call(Object(Illuminate\\Foundation\\Application), Object(Closure), Array, NULL)
#9 C:\\xampp\\htdocs\\api-cmp\\vendor\\laravel\\framework\\src\\Illuminate\\Foundation\\Support\\Providers\\RouteServiceProvider.php(120): Illuminate\\Container\\Container->call(Object(Closure))
#10 C:\\xampp\\htdocs\\api-cmp\\vendor\\laravel\\framework\\src\\Illuminate\\Foundation\\Support\\Providers\\RouteServiceProvider.php(45): Illuminate\\Foundation\\Support\\Providers\\RouteServiceProvider->loadRoutes()
#11 C:\\xampp\\htdocs\\api-cmp\\vendor\\laravel\\framework\\src\\Illuminate\\Container\\BoundMethod.php(36): Illuminate\\Foundation\\Support\\Providers\\RouteServiceProvider->Illuminate\\Foundation\\Support\\Providers\\{closure}()
#12 C:\\xampp\\htdocs\\api-cmp\\vendor\\laravel\\framework\\src\\Illuminate\\Container\\Util.php(41): Illuminate\\Container\\BoundMethod::Illuminate\\Container\\{closure}()
#13 C:\\xampp\\htdocs\\api-cmp\\vendor\\laravel\\framework\\src\\Illuminate\\Container\\BoundMethod.php(81): Illuminate\\Container\\Util::unwrapIfClosure(Object(Closure))
#14 C:\\xampp\\htdocs\\api-cmp\\vendor\\laravel\\framework\\src\\Illuminate\\Container\\BoundMethod.php(35): Illuminate\\Container\\BoundMethod::callBoundMethod(Object(Illuminate\\Foundation\\Application), Object(Closure), Object(Closure))
#15 C:\\xampp\\htdocs\\api-cmp\\vendor\\laravel\\framework\\src\\Illuminate\\Container\\Container.php(662): Illuminate\\Container\\BoundMethod::call(Object(Illuminate\\Foundation\\Application), Object(Closure), Array, NULL)
#16 C:\\xampp\\htdocs\\api-cmp\\vendor\\laravel\\framework\\src\\Illuminate\\Support\\ServiceProvider.php(119): Illuminate\\Container\\Container->call(Object(Closure))
#17 C:\\xampp\\htdocs\\api-cmp\\vendor\\laravel\\framework\\src\\Illuminate\\Foundation\\Application.php(1033): Illuminate\\Support\\ServiceProvider->callBootedCallbacks()
#18 C:\\xampp\\htdocs\\api-cmp\\vendor\\laravel\\framework\\src\\Illuminate\\Foundation\\Application.php(1011): Illuminate\\Foundation\\Application->bootProvider(Object(App\\Providers\\RouteServiceProvider))
#19 [internal function]: Illuminate\\Foundation\\Application->Illuminate\\Foundation\\{closure}(Object(App\\Providers\\RouteServiceProvider), 34)
#20 C:\\xampp\\htdocs\\api-cmp\\vendor\\laravel\\framework\\src\\Illuminate\\Foundation\\Application.php(1010): array_walk(Array, Object(Closure))
#21 C:\\xampp\\htdocs\\api-cmp\\vendor\\laravel\\framework\\src\\Illuminate\\Foundation\\Bootstrap\\BootProviders.php(17): Illuminate\\Foundation\\Application->boot()
#22 C:\\xampp\\htdocs\\api-cmp\\vendor\\laravel\\framework\\src\\Illuminate\\Foundation\\Application.php(263): Illuminate\\Foundation\\Bootstrap\\BootProviders->bootstrap(Object(Illuminate\\Foundation\\Application))
#23 C:\\xampp\\htdocs\\api-cmp\\vendor\\laravel\\framework\\src\\Illuminate\\Foundation\\Console\\Kernel.php(447): Illuminate\\Foundation\\Application->bootstrapWith(Array)
#24 C:\\xampp\\htdocs\\api-cmp\\vendor\\laravel\\framework\\src\\Illuminate\\Foundation\\Console\\Kernel.php(199): Illuminate\\Foundation\\Console\\Kernel->bootstrap()
#25 Command line code(1): Illuminate\\Foundation\\Console\\Kernel->handle(Object(Symfony\\Component\\Console\\Input\\ArgvInput), Object(Symfony\\Component\\Console\\Output\\ConsoleOutput))
#26 {main}
"} 
